[2018-03-07 22:50:35] Текст ошибки: Страница не найдена| Файл: C:\OSPanel\domains\ishop2.loc\public\index.php | Строка: 15
====================
[2018-03-07 22:50:35] Текст ошибки: Страница не найдена| Файл: C:\OSPanel\domains\ishop2.loc\public\index.php | Строка: 15
====================
[2018-03-07 22:51:10] Текст ошибки: Страница не найдена| Файл: C:\OSPanel\domains\ishop2.loc\public\index.php | Строка: 15
====================
[2018-03-07 22:52:34] Текст ошибки: Страница не найдена| Файл: C:\OSPanel\domains\ishop2.loc\public\index.php | Строка: 15
====================
[2018-03-07 22:53:11] Текст ошибки: Страница не найдена| Файл: C:\OSPanel\domains\ishop2.loc\public\index.php | Строка: 15
====================
[2018-03-07 22:53:25] Текст ошибки: Страница не найдена| Файл: C:\OSPanel\domains\ishop2.loc\public\index.php | Строка: 15
====================
[2018-03-07 22:59:10] Текст ошибки: Страница не найдена| Файл: C:\OSPanel\domains\ishop2.loc\public\index.php | Строка: 15
====================
[2018-03-07 23:05:13] Текст ошибки: Страница не найдена| Файл: C:\OSPanel\domains\ishop2.loc\public\index.php | Строка: 15
====================
[2018-03-07 23:05:32] Текст ошибки: Страница не найдена| Файл: C:\OSPanel\domains\ishop2.loc\public\index.php | Строка: 15
====================
[2018-03-07 23:05:34] Текст ошибки: Страница не найдена| Файл: C:\OSPanel\domains\ishop2.loc\public\index.php | Строка: 15
====================
[2018-03-07 23:06:11] Текст ошибки: Страница не найдена| Файл: C:\OSPanel\domains\ishop2.loc\public\index.php | Строка: 15
====================
[2018-03-07 23:06:26] Текст ошибки: Страница не найдена| Файл: C:\OSPanel\domains\ishop2.loc\public\index.php | Строка: 15
====================
[2018-03-09 13:45:54] Текст ошибки: Страница не найдена| Файл: C:\OSPanel\domains\ishop2.loc\public\index.php | Строка: 15
====================
[2018-03-09 13:45:57] Текст ошибки: Страница не найдена| Файл: C:\OSPanel\domains\ishop2.loc\public\index.php | Строка: 15
====================
[2018-03-09 22:03:20] Текст ошибки: Страница не найдена| Файл: C:\OSPanel\domains\ishop2.loc\vendor\ishop\core\Router.php | Строка: 37
====================
[2018-03-09 22:03:20] Текст ошибки: Страница не найдена| Файл: C:\OSPanel\domains\ishop2.loc\vendor\ishop\core\Router.php | Строка: 37
====================
[2018-03-09 22:04:00] Текст ошибки: Страница не найдена| Файл: C:\OSPanel\domains\ishop2.loc\vendor\ishop\core\Router.php | Строка: 37
====================
[2018-03-09 22:24:36] Текст ошибки: Метод app\controllers\MainController:: не найден| Файл: C:\OSPanel\domains\ishop2.loc\vendor\ishop\core\Router.php | Строка: 42
====================
[2018-03-09 22:24:59] Текст ошибки: Метод app\controllers\MainController:: не найден| Файл: C:\OSPanel\domains\ishop2.loc\vendor\ishop\core\Router.php | Строка: 42
====================
[2018-03-09 22:25:17] Текст ошибки: Метод app\controllers\MainController::indexAction не найден| Файл: C:\OSPanel\domains\ishop2.loc\vendor\ishop\core\Router.php | Строка: 42
====================
[2018-03-10 13:28:25] Текст ошибки: Контроллер app\controllers\PageController не найден| Файл: C:\OSPanel\domains\ishop2.loc\vendor\ishop\core\Router.php | Строка: 48
====================
[2018-03-10 13:28:25] Текст ошибки: Страница не найдена| Файл: C:\OSPanel\domains\ishop2.loc\vendor\ishop\core\Router.php | Строка: 51
====================
[2018-03-10 13:28:48] Текст ошибки: Контроллер app\controllers\PageController не найден| Файл: C:\OSPanel\domains\ishop2.loc\vendor\ishop\core\Router.php | Строка: 48
====================
[2018-03-10 13:28:48] Текст ошибки: Страница не найдена| Файл: C:\OSPanel\domains\ishop2.loc\vendor\ishop\core\Router.php | Строка: 51
====================
[2018-03-10 13:28:54] Текст ошибки: Страница не найдена| Файл: C:\OSPanel\domains\ishop2.loc\vendor\ishop\core\Router.php | Строка: 51
====================
[2018-03-10 14:13:32] Текст ошибки: Страница не найдена| Файл: C:\OSPanel\domains\ishop2.loc\vendor\ishop\core\Router.php | Строка: 50
====================
